mode: set
github.com/soulteary/owlmail/api.go:38.65,40.2 1 1
github.com/soulteary/owlmail/api.go:43.89,45.2 1 1
github.com/soulteary/owlmail/api.go:48.135,60.44 1 1
github.com/soulteary/owlmail/api.go:60.44,62.5 1 0
github.com/soulteary/owlmail/api.go:65.2,67.12 3 1
github.com/soulteary/owlmail/api.go:73.31,80.50 3 1
github.com/soulteary/owlmail/api.go:80.50,82.3 1 1
github.com/soulteary/owlmail/api.go:85.2,100.38 5 1
github.com/soulteary/owlmail/api.go:100.38,108.53 1 0
github.com/soulteary/owlmail/api.go:108.53,111.4 2 0
github.com/soulteary/owlmail/api.go:113.3,113.29 1 0
github.com/soulteary/owlmail/api.go:117.2,117.39 1 1
github.com/soulteary/owlmail/api.go:117.39,119.3 1 0
github.com/soulteary/owlmail/api.go:121.2,121.21 1 1
github.com/soulteary/owlmail/api.go:126.60,129.2 2 1
github.com/soulteary/owlmail/api.go:129.2,132.3 2 1
github.com/soulteary/owlmail/api.go:132.3,176.4 18 1
github.com/soulteary/owlmail/api.go:179.3,180.3 2 1
github.com/soulteary/owlmail/api.go:180.3,188.4 4 1
github.com/soulteary/owlmail/api.go:191.3,194.37 2 1
github.com/soulteary/owlmail/api.go:199.31,202.22 2 0
github.com/soulteary/owlmail/api.go:202.22,203.56 1 0
github.com/soulteary/owlmail/api.go:203.56,205.4 1 0
github.com/soulteary/owlmail/api.go:208.3,217.68 2 0
github.com/soulteary/owlmail/api.go:221.2,221.29 1 0
github.com/soulteary/owlmail/api.go:225.46,239.29 12 1
github.com/soulteary/owlmail/api.go:239.29,241.3 1 0
github.com/soulteary/owlmail/api.go:242.2,242.18 1 1
github.com/soulteary/owlmail/api.go:242.18,244.3 1 0
github.com/soulteary/owlmail/api.go:246.2,247.30 2 1
github.com/soulteary/owlmail/api.go:247.30,249.3 1 0
github.com/soulteary/owlmail/api.go:252.2,256.31 3 1
github.com/soulteary/owlmail/api.go:256.31,258.18 1 1
github.com/soulteary/owlmail/api.go:258.18,263.16 3 1
github.com/soulteary/owlmail/api.go:263.16,264.13 1 0
github.com/soulteary/owlmail/api.go:269.3,269.17 1 1
github.com/soulteary/owlmail/api.go:269.17,272.36 3 1
github.com/soulteary/owlmail/api.go:272.36,274.62 1 1
github.com/soulteary/owlmail/api.go:274.62,276.11 2 1
github.com/soulteary/owlmail/api.go:279.4,279.16 1 1
github.com/soulteary/owlmail/api.go:279.16,280.13 1 1
github.com/soulteary/owlmail/api.go:285.3,285.15 1 1
github.com/soulteary/owlmail/api.go:285.15,289.34 3 1
github.com/soulteary/owlmail/api.go:289.34,291.60 1 1
github.com/soulteary/owlmail/api.go:291.60,293.11 2 1
github.com/soulteary/owlmail/api.go:297.4,297.16 1 1
github.com/soulteary/owlmail/api.go:297.16,298.35 1 1
github.com/soulteary/owlmail/api.go:298.35,300.61 1 0
github.com/soulteary/owlmail/api.go:300.61,302.12 2 0
github.com/soulteary/owlmail/api.go:307.4,307.16 1 1
github.com/soulteary/owlmail/api.go:307.16,308.46 1 1
github.com/soulteary/owlmail/api.go:308.46,309.66 1 1
github.com/soulteary/owlmail/api.go:309.66,311.12 2 0
github.com/soulteary/owlmail/api.go:315.4,315.16 1 1
github.com/soulteary/owlmail/api.go:315.16,316.13 1 1
github.com/soulteary/owlmail/api.go:321.3,321.21 1 1
github.com/soulteary/owlmail/api.go:321.21,323.18 2 0
github.com/soulteary/owlmail/api.go:323.18,324.40 1 0
github.com/soulteary/owlmail/api.go:324.40,325.14 1 0
github.com/soulteary/owlmail/api.go:329.3,329.19 1 1
github.com/soulteary/owlmail/api.go:329.19,331.18 2 0
github.com/soulteary/owlmail/api.go:331.18,334.37 2 0
github.com/soulteary/owlmail/api.go:334.37,335.14 1 0
github.com/soulteary/owlmail/api.go:341.3,341.17 1 1
github.com/soulteary/owlmail/api.go:341.17,343.30 2 1
github.com/soulteary/owlmail/api.go:343.30,344.13 1 1
github.com/soulteary/owlmail/api.go:348.3,348.37 1 1
github.com/soulteary/owlmail/api.go:351.2,354.18 2 1
github.com/soulteary/owlmail/api.go:354.18,355.17 1 1
github.com/soulteary/owlmail/api.go:356.15,357.43 1 0
github.com/soulteary/owlmail/api.go:357.43,358.27 1 0
github.com/soulteary/owlmail/api.go:358.27,360.6 1 0
github.com/soulteary/owlmail/api.go:361.5,361.48 1 0
github.com/soulteary/owlmail/api.go:363.18,364.43 1 1
github.com/soulteary/owlmail/api.go:364.43,367.27 3 1
github.com/soulteary/owlmail/api.go:367.27,369.6 1 1
github.com/soulteary/owlmail/api.go:370.5,370.31 1 0
github.com/soulteary/owlmail/api.go:372.15,373.43 1 0
github.com/soulteary/owlmail/api.go:373.43,376.32 3 0
github.com/soulteary/owlmail/api.go:376.32,378.6 1 0
github.com/soulteary/owlmail/api.go:379.5,379.32 1 0
github.com/soulteary/owlmail/api.go:379.32,381.6 1 0
github.com/soulteary/owlmail/api.go:382.5,382.27 1 0
github.com/soulteary/owlmail/api.go:382.27,384.6 1 0
github.com/soulteary/owlmail/api.go:385.5,385.25 1 0
github.com/soulteary/owlmail/api.go:387.15,388.43 1 0
github.com/soulteary/owlmail/api.go:388.43,389.27 1 0
github.com/soulteary/owlmail/api.go:389.27,391.6 1 0
github.com/soulteary/owlmail/api.go:392.5,392.43 1 0
github.com/soulteary/owlmail/api.go:395.8,397.42 1 1
github.com/soulteary/owlmail/api.go:397.42,399.4 1 1
github.com/soulteary/owlmail/api.go:403.2,406.19 4 1
github.com/soulteary/owlmail/api.go:406.19,408.3 1 0
github.com/soulteary/owlmail/api.go:409.2,409.17 1 1
github.com/soulteary/owlmail/api.go:409.17,411.3 1 1
github.com/soulteary/owlmail/api.go:413.2,414.17 2 1
github.com/soulteary/owlmail/api.go:414.17,416.3 1 1
github.com/soulteary/owlmail/api.go:416.8,418.3 1 0
github.com/soulteary/owlmail/api.go:420.2,425.4 1 1
github.com/soulteary/owlmail/api.go:429.46,432.16 3 1
github.com/soulteary/owlmail/api.go:432.16,435.3 2 1
github.com/soulteary/owlmail/api.go:436.2,436.30 1 1
github.com/soulteary/owlmail/api.go:440.46,443.16 3 1
github.com/soulteary/owlmail/api.go:443.16,446.3 2 0
github.com/soulteary/owlmail/api.go:447.2,447.65 1 1
github.com/soulteary/owlmail/api.go:451.47,456.16 4 1
github.com/soulteary/owlmail/api.go:456.16,459.3 2 0
github.com/soulteary/owlmail/api.go:461.2,462.39 2 1
github.com/soulteary/owlmail/api.go:466.47,470.16 3 1
github.com/soulteary/owlmail/api.go:470.16,473.3 2 0
github.com/soulteary/owlmail/api.go:475.2,476.16 2 1
github.com/soulteary/owlmail/api.go:476.16,479.3 2 0
github.com/soulteary/owlmail/api.go:482.2,483.25 2 1
github.com/soulteary/owlmail/api.go:483.25,486.3 1 1
github.com/soulteary/owlmail/api.go:488.2,489.17 2 1
github.com/soulteary/owlmail/api.go:493.48,497.16 3 1
github.com/soulteary/owlmail/api.go:497.16,500.3 2 0
github.com/soulteary/owlmail/api.go:502.2,502.61 1 1
github.com/soulteary/owlmail/api.go:506.45,508.55 2 1
github.com/soulteary/owlmail/api.go:508.55,511.3 2 0
github.com/soulteary/owlmail/api.go:512.2,512.58 1 1
github.com/soulteary/owlmail/api.go:516.49,517.56 1 1
github.com/soulteary/owlmail/api.go:517.56,520.3 2 0
github.com/soulteary/owlmail/api.go:521.2,521.63 1 1
github.com/soulteary/owlmail/api.go:525.47,531.2 2 1
github.com/soulteary/owlmail/api.go:534.43,536.53 2 1
github.com/soulteary/owlmail/api.go:536.53,539.3 2 0
github.com/soulteary/owlmail/api.go:540.2,543.4 1 1
github.com/soulteary/owlmail/api.go:547.47,550.2 2 1
github.com/soulteary/owlmail/api.go:553.43,569.27 3 1
github.com/soulteary/owlmail/api.go:569.27,580.3 1 0
github.com/soulteary/owlmail/api.go:580.8,582.3 1 1
github.com/soulteary/owlmail/api.go:585.2,585.38 1 1
github.com/soulteary/owlmail/api.go:585.38,590.3 1 0
github.com/soulteary/owlmail/api.go:590.8,592.3 1 1
github.com/soulteary/owlmail/api.go:595.2,595.37 1 1
github.com/soulteary/owlmail/api.go:595.37,601.3 1 0
github.com/soulteary/owlmail/api.go:601.8,603.3 1 1
github.com/soulteary/owlmail/api.go:605.2,605.31 1 1
github.com/soulteary/owlmail/api.go:609.51,611.27 2 1
github.com/soulteary/owlmail/api.go:611.27,617.3 2 1
github.com/soulteary/owlmail/api.go:619.2,629.4 1 0
github.com/soulteary/owlmail/api.go:633.54,635.50 2 1
github.com/soulteary/owlmail/api.go:635.50,638.3 2 0
github.com/soulteary/owlmail/api.go:641.2,641.23 1 1
github.com/soulteary/owlmail/api.go:641.23,644.3 2 0
github.com/soulteary/owlmail/api.go:646.2,646.45 1 1
github.com/soulteary/owlmail/api.go:646.45,649.3 2 0
github.com/soulteary/owlmail/api.go:652.2,666.4 2 1
github.com/soulteary/owlmail/api.go:670.53,673.26 2 1
github.com/soulteary/owlmail/api.go:673.26,676.3 1 0
github.com/soulteary/owlmail/api.go:679.2,680.51 2 1
github.com/soulteary/owlmail/api.go:680.51,683.3 2 0
github.com/soulteary/owlmail/api.go:686.2,686.46 1 1
github.com/soulteary/owlmail/api.go:686.46,688.3 1 0
github.com/soulteary/owlmail/api.go:689.2,689.47 1 1
github.com/soulteary/owlmail/api.go:689.47,691.3 1 1
github.com/soulteary/owlmail/api.go:692.2,692.46 1 1
github.com/soulteary/owlmail/api.go:692.46,694.3 1 0
github.com/soulteary/owlmail/api.go:695.2,695.54 1 1
github.com/soulteary/owlmail/api.go:695.54,697.3 1 0
github.com/soulteary/owlmail/api.go:698.2,698.48 1 1
github.com/soulteary/owlmail/api.go:698.48,700.3 1 0
github.com/soulteary/owlmail/api.go:701.2,701.54 1 1
github.com/soulteary/owlmail/api.go:701.54,703.3 1 0
github.com/soulteary/owlmail/api.go:704.2,704.64 1 1
github.com/soulteary/owlmail/api.go:704.64,706.3 1 0
github.com/soulteary/owlmail/api.go:707.2,707.65 1 1
github.com/soulteary/owlmail/api.go:707.65,709.35 2 0
github.com/soulteary/owlmail/api.go:709.35,710.40 1 0
github.com/soulteary/owlmail/api.go:710.40,712.5 1 0
github.com/soulteary/owlmail/api.go:715.2,715.63 1 1
github.com/soulteary/owlmail/api.go:715.63,717.34 2 0
github.com/soulteary/owlmail/api.go:717.34,718.40 1 0
github.com/soulteary/owlmail/api.go:718.40,720.5 1 0
github.com/soulteary/owlmail/api.go:725.2,725.30 1 1
github.com/soulteary/owlmail/api.go:725.30,728.3 2 0
github.com/soulteary/owlmail/api.go:730.2,730.59 1 1
github.com/soulteary/owlmail/api.go:730.59,733.3 2 0
github.com/soulteary/owlmail/api.go:736.2,750.4 2 1
github.com/soulteary/owlmail/api.go:754.45,758.2 1 1
github.com/soulteary/owlmail/api.go:761.58,762.64 1 1
github.com/soulteary/owlmail/api.go:762.64,767.3 2 0
github.com/soulteary/owlmail/api.go:769.2,771.4 1 1
github.com/soulteary/owlmail/api.go:775.44,780.19 3 0
github.com/soulteary/owlmail/api.go:780.19,784.49 2 0
github.com/soulteary/owlmail/api.go:784.49,786.4 1 0
github.com/soulteary/owlmail/api.go:790.2,791.16 2 0
github.com/soulteary/owlmail/api.go:791.16,794.3 2 0
github.com/soulteary/owlmail/api.go:797.2,798.19 2 0
github.com/soulteary/owlmail/api.go:798.19,800.73 1 0
github.com/soulteary/owlmail/api.go:800.73,801.18 1 0
github.com/soulteary/owlmail/api.go:801.18,803.5 1 0
github.com/soulteary/owlmail/api.go:805.8,807.69 1 0
github.com/soulteary/owlmail/api.go:807.69,808.18 1 0
github.com/soulteary/owlmail/api.go:808.18,810.5 1 0
github.com/soulteary/owlmail/api.go:814.2,814.21 1 0
github.com/soulteary/owlmail/api.go:814.21,817.3 2 0
github.com/soulteary/owlmail/api.go:819.2,822.4 1 0
github.com/soulteary/owlmail/api.go:826.53,831.19 3 0
github.com/soulteary/owlmail/api.go:831.19,834.3 2 0
github.com/soulteary/owlmail/api.go:837.2,838.16 2 0
github.com/soulteary/owlmail/api.go:838.16,841.3 2 0
github.com/soulteary/owlmail/api.go:844.2,844.73 1 0
github.com/soulteary/owlmail/api.go:844.73,845.17 1 0
github.com/soulteary/owlmail/api.go:845.17,847.4 1 0
github.com/soulteary/owlmail/api.go:850.2,850.21 1 0
github.com/soulteary/owlmail/api.go:850.21,853.3 2 0
github.com/soulteary/owlmail/api.go:855.2,858.4 1 0
github.com/soulteary/owlmail/api.go:862.39,863.30 1 1
github.com/soulteary/owlmail/api.go:863.30,869.36 5 1
github.com/soulteary/owlmail/api.go:869.36,872.4 2 1
github.com/soulteary/owlmail/api.go:874.3,874.11 1 1
github.com/soulteary/owlmail/api.go:879.39,880.46 1 1
github.com/soulteary/owlmail/api.go:880.46,885.3 1 1
github.com/soulteary/owlmail/api.go:887.2,887.49 1 1
github.com/soulteary/owlmail/api.go:887.49,892.3 1 1
github.com/soulteary/owlmail/api.go:896.49,898.16 2 0
github.com/soulteary/owlmail/api.go:898.16,901.3 2 0
github.com/soulteary/owlmail/api.go:902.2,910.15 5 0
github.com/soulteary/owlmail/api.go:910.15,914.3 3 0
github.com/soulteary/owlmail/api.go:917.2,923.6 2 0
github.com/soulteary/owlmail/api.go:923.6,925.45 2 0
github.com/soulteary/owlmail/api.go:925.45,926.103 1 0
github.com/soulteary/owlmail/api.go:926.103,928.5 1 0
github.com/soulteary/owlmail/api.go:929.4,929.9 1 0
github.com/soulteary/owlmail/api.go:933.3,933.67 1 0
github.com/soulteary/owlmail/api.go:933.67,935.4 1 0
github.com/soulteary/owlmail/api.go:940.55,944.34 3 1
github.com/soulteary/owlmail/api.go:944.34,945.49 1 0
github.com/soulteary/owlmail/api.go:945.49,950.4 3 0
github.com/soulteary/owlmail/api.go:955.69,956.30 1 1
github.com/soulteary/owlmail/api.go:956.30,958.17 2 1
github.com/soulteary/owlmail/api.go:958.17,962.4 3 1
github.com/soulteary/owlmail/api.go:965.3,966.39 2 1
github.com/soulteary/owlmail/api.go:966.39,969.4 2 0
github.com/soulteary/owlmail/api.go:971.3,972.17 2 1
github.com/soulteary/owlmail/api.go:972.17,975.4 2 0
github.com/soulteary/owlmail/api.go:977.3,978.28 2 1
github.com/soulteary/owlmail/api.go:978.28,981.4 2 0
github.com/soulteary/owlmail/api.go:983.3,983.63 1 1
github.com/soulteary/owlmail/api.go:983.63,986.4 2 0
github.com/soulteary/owlmail/api.go:988.3,988.11 1 1
github.com/soulteary/owlmail/api.go:993.47,1006.25 10 1
github.com/soulteary/owlmail/api.go:1006.25,1008.3 1 1
github.com/soulteary/owlmail/api.go:1010.2,1010.17 1 1
github.com/soulteary/owlmail/api.go:1028.50,1042.29 12 1
github.com/soulteary/owlmail/api.go:1042.29,1044.3 1 0
github.com/soulteary/owlmail/api.go:1045.2,1045.18 1 1
github.com/soulteary/owlmail/api.go:1045.18,1047.3 1 0
github.com/soulteary/owlmail/api.go:1049.2,1050.30 2 1
github.com/soulteary/owlmail/api.go:1050.30,1052.3 1 0
github.com/soulteary/owlmail/api.go:1055.2,1059.31 3 1
github.com/soulteary/owlmail/api.go:1059.31,1061.18 1 1
github.com/soulteary/owlmail/api.go:1061.18,1066.16 3 0
github.com/soulteary/owlmail/api.go:1066.16,1067.13 1 0
github.com/soulteary/owlmail/api.go:1072.3,1072.17 1 1
github.com/soulteary/owlmail/api.go:1072.17,1075.36 3 0
github.com/soulteary/owlmail/api.go:1075.36,1077.62 1 0
github.com/soulteary/owlmail/api.go:1077.62,1079.11 2 0
github.com/soulteary/owlmail/api.go:1082.4,1082.16 1 0
github.com/soulteary/owlmail/api.go:1082.16,1083.13 1 0
github.com/soulteary/owlmail/api.go:1088.3,1088.15 1 1
github.com/soulteary/owlmail/api.go:1088.15,1091.34 3 0
github.com/soulteary/owlmail/api.go:1091.34,1093.60 1 0
github.com/soulteary/owlmail/api.go:1093.60,1095.11 2 0
github.com/soulteary/owlmail/api.go:1098.4,1098.16 1 0
github.com/soulteary/owlmail/api.go:1098.16,1099.35 1 0
github.com/soulteary/owlmail/api.go:1099.35,1101.61 1 0
github.com/soulteary/owlmail/api.go:1101.61,1103.12 2 0
github.com/soulteary/owlmail/api.go:1107.4,1107.16 1 0
github.com/soulteary/owlmail/api.go:1107.16,1108.13 1 0
github.com/soulteary/owlmail/api.go:1113.3,1113.21 1 1
github.com/soulteary/owlmail/api.go:1113.21,1115.18 2 0
github.com/soulteary/owlmail/api.go:1115.18,1116.40 1 0
github.com/soulteary/owlmail/api.go:1116.40,1117.14 1 0
github.com/soulteary/owlmail/api.go:1121.3,1121.19 1 1
github.com/soulteary/owlmail/api.go:1121.19,1123.18 2 0
github.com/soulteary/owlmail/api.go:1123.18,1125.37 2 0
github.com/soulteary/owlmail/api.go:1125.37,1126.14 1 0
github.com/soulteary/owlmail/api.go:1132.3,1132.17 1 1
github.com/soulteary/owlmail/api.go:1132.17,1134.30 2 0
github.com/soulteary/owlmail/api.go:1134.30,1135.13 1 0
github.com/soulteary/owlmail/api.go:1139.3,1139.37 1 1
github.com/soulteary/owlmail/api.go:1142.2,1145.18 2 1
github.com/soulteary/owlmail/api.go:1145.18,1146.17 1 0
github.com/soulteary/owlmail/api.go:1147.15,1148.43 1 0
github.com/soulteary/owlmail/api.go:1148.43,1149.27 1 0
github.com/soulteary/owlmail/api.go:1149.27,1151.6 1 0
github.com/soulteary/owlmail/api.go:1152.5,1152.48 1 0
github.com/soulteary/owlmail/api.go:1154.18,1155.43 1 0
github.com/soulteary/owlmail/api.go:1155.43,1158.27 3 0
github.com/soulteary/owlmail/api.go:1158.27,1160.6 1 0
github.com/soulteary/owlmail/api.go:1161.5,1161.31 1 0
github.com/soulteary/owlmail/api.go:1163.15,1164.43 1 0
github.com/soulteary/owlmail/api.go:1164.43,1167.32 3 0
github.com/soulteary/owlmail/api.go:1167.32,1169.6 1 0
github.com/soulteary/owlmail/api.go:1170.5,1170.32 1 0
github.com/soulteary/owlmail/api.go:1170.32,1172.6 1 0
github.com/soulteary/owlmail/api.go:1173.5,1173.27 1 0
github.com/soulteary/owlmail/api.go:1173.27,1175.6 1 0
github.com/soulteary/owlmail/api.go:1176.5,1176.25 1 0
github.com/soulteary/owlmail/api.go:1178.15,1179.43 1 0
github.com/soulteary/owlmail/api.go:1179.43,1180.27 1 0
github.com/soulteary/owlmail/api.go:1180.27,1182.6 1 0
github.com/soulteary/owlmail/api.go:1183.5,1183.43 1 0
github.com/soulteary/owlmail/api.go:1186.8,1187.42 1 1
github.com/soulteary/owlmail/api.go:1187.42,1189.4 1 0
github.com/soulteary/owlmail/api.go:1193.2,1196.19 4 1
github.com/soulteary/owlmail/api.go:1196.19,1198.3 1 0
github.com/soulteary/owlmail/api.go:1199.2,1199.17 1 1
github.com/soulteary/owlmail/api.go:1199.17,1201.3 1 1
github.com/soulteary/owlmail/api.go:1203.2,1204.17 2 1
github.com/soulteary/owlmail/api.go:1204.17,1206.3 1 1
github.com/soulteary/owlmail/api.go:1206.8,1208.3 1 0
github.com/soulteary/owlmail/api.go:1211.2,1212.40 2 1
github.com/soulteary/owlmail/api.go:1212.40,1224.26 2 1
github.com/soulteary/owlmail/api.go:1224.26,1226.4 1 1
github.com/soulteary/owlmail/api.go:1229.3,1230.33 2 1
github.com/soulteary/owlmail/api.go:1230.33,1232.4 1 1
github.com/soulteary/owlmail/api.go:1235.3,1236.24 2 1
github.com/soulteary/owlmail/api.go:1236.24,1244.44 6 0
github.com/soulteary/owlmail/api.go:1244.44,1246.5 1 0
github.com/soulteary/owlmail/api.go:1247.4,1247.48 1 0
github.com/soulteary/owlmail/api.go:1249.3,1249.29 1 1
github.com/soulteary/owlmail/api.go:1249.29,1251.4 1 0
github.com/soulteary/owlmail/api.go:1252.3,1254.39 2 1
github.com/soulteary/owlmail/api.go:1257.2,1262.4 1 1
github.com/soulteary/owlmail/api.go:1266.51,1271.51 2 1
github.com/soulteary/owlmail/api.go:1271.51,1274.3 2 0
github.com/soulteary/owlmail/api.go:1276.2,1276.27 1 1
github.com/soulteary/owlmail/api.go:1276.27,1279.3 2 0
github.com/soulteary/owlmail/api.go:1281.2,1285.33 4 1
github.com/soulteary/owlmail/api.go:1285.33,1286.56 1 1
github.com/soulteary/owlmail/api.go:1286.56,1289.4 2 0
github.com/soulteary/owlmail/api.go:1289.9,1291.4 1 1
github.com/soulteary/owlmail/api.go:1294.2,1300.4 1 1
github.com/soulteary/owlmail/api.go:1304.49,1309.51 2 1
github.com/soulteary/owlmail/api.go:1309.51,1312.3 2 0
github.com/soulteary/owlmail/api.go:1314.2,1314.27 1 1
github.com/soulteary/owlmail/api.go:1314.27,1317.3 2 0
github.com/soulteary/owlmail/api.go:1319.2,1323.33 4 1
github.com/soulteary/owlmail/api.go:1323.33,1325.17 2 1
github.com/soulteary/owlmail/api.go:1325.17,1328.12 3 0
github.com/soulteary/owlmail/api.go:1331.3,1331.18 1 1
github.com/soulteary/owlmail/api.go:1331.18,1334.4 2 1
github.com/soulteary/owlmail/api.go:1337.2,1343.4 1 1
github.com/soulteary/owlmail/api.go:1347.46,1364.20 10 0
github.com/soulteary/owlmail/api.go:1364.20,1367.26 3 0
github.com/soulteary/owlmail/api.go:1367.26,1369.4 1 0
github.com/soulteary/owlmail/api.go:1370.3,1370.32 1 0
github.com/soulteary/owlmail/api.go:1370.32,1371.23 1 0
github.com/soulteary/owlmail/api.go:1371.23,1373.5 1 0
github.com/soulteary/owlmail/api.go:1375.8,1377.32 1 0
github.com/soulteary/owlmail/api.go:1377.32,1379.19 1 0
github.com/soulteary/owlmail/api.go:1379.19,1384.17 3 0
github.com/soulteary/owlmail/api.go:1384.17,1385.14 1 0
github.com/soulteary/owlmail/api.go:1390.4,1390.18 1 0
github.com/soulteary/owlmail/api.go:1390.18,1393.37 3 0
github.com/soulteary/owlmail/api.go:1393.37,1395.63 1 0
github.com/soulteary/owlmail/api.go:1395.63,1397.12 2 0
github.com/soulteary/owlmail/api.go:1400.5,1400.17 1 0
github.com/soulteary/owlmail/api.go:1400.17,1401.14 1 0
github.com/soulteary/owlmail/api.go:1406.4,1406.16 1 0
github.com/soulteary/owlmail/api.go:1406.16,1409.35 3 0
github.com/soulteary/owlmail/api.go:1409.35,1411.61 1 0
github.com/soulteary/owlmail/api.go:1411.61,1413.12 2 0
github.com/soulteary/owlmail/api.go:1416.5,1416.17 1 0
github.com/soulteary/owlmail/api.go:1416.17,1417.14 1 0
github.com/soulteary/owlmail/api.go:1422.4,1422.22 1 0
github.com/soulteary/owlmail/api.go:1422.22,1424.19 2 0
github.com/soulteary/owlmail/api.go:1424.19,1425.41 1 0
github.com/soulteary/owlmail/api.go:1425.41,1426.15 1 0
github.com/soulteary/owlmail/api.go:1430.4,1430.20 1 0
github.com/soulteary/owlmail/api.go:1430.20,1432.19 2 0
github.com/soulteary/owlmail/api.go:1432.19,1434.38 2 0
github.com/soulteary/owlmail/api.go:1434.38,1435.15 1 0
github.com/soulteary/owlmail/api.go:1441.4,1441.18 1 0
github.com/soulteary/owlmail/api.go:1441.18,1443.31 2 0
github.com/soulteary/owlmail/api.go:1443.31,1444.14 1 0
github.com/soulteary/owlmail/api.go:1448.4,1448.38 1 0
github.com/soulteary/owlmail/api.go:1452.2,1452.24 1 0
github.com/soulteary/owlmail/api.go:1452.24,1455.3 2 0
github.com/soulteary/owlmail/api.go:1458.2,1466.33 6 0
github.com/soulteary/owlmail/api.go:1466.33,1468.17 2 0
github.com/soulteary/owlmail/api.go:1468.17,1469.12 1 0
github.com/soulteary/owlmail/api.go:1473.3,1474.17 2 0
github.com/soulteary/owlmail/api.go:1474.17,1475.12 1 0
github.com/soulteary/owlmail/api.go:1479.3,1481.17 3 0
github.com/soulteary/owlmail/api.go:1481.17,1483.12 2 0
github.com/soulteary/owlmail/api.go:1487.3,1489.17 3 0
github.com/soulteary/owlmail/api.go:1489.17,1490.12 1 0
github.com/soulteary/owlmail/api.go:1494.2,1494.18 1 0
github.com/soulteary/owlmail/logger.go:30.33,34.29 2 1
github.com/soulteary/owlmail/logger.go:34.29,36.3 1 1
github.com/soulteary/owlmail/logger.go:38.2,41.3 1 1
github.com/soulteary/owlmail/logger.go:45.26,46.25 1 1
github.com/soulteary/owlmail/logger.go:46.25,48.3 1 1
github.com/soulteary/owlmail/logger.go:49.2,49.21 1 1
github.com/soulteary/owlmail/logger.go:53.43,55.29 2 1
github.com/soulteary/owlmail/logger.go:55.29,57.3 1 1
github.com/soulteary/owlmail/logger.go:57.8,59.3 1 1
github.com/soulteary/owlmail/logger.go:63.55,64.31 1 1
github.com/soulteary/owlmail/logger.go:64.31,66.3 1 1
github.com/soulteary/owlmail/logger.go:70.59,71.32 1 1
github.com/soulteary/owlmail/logger.go:71.32,73.3 1 1
github.com/soulteary/owlmail/logger.go:77.57,80.2 1 1
github.com/soulteary/owlmail/logger.go:83.57,85.2 1 0
github.com/soulteary/owlmail/logger.go:88.43,90.2 1 1
github.com/soulteary/owlmail/logger.go:92.47,94.2 1 1
github.com/soulteary/owlmail/logger.go:96.45,98.2 1 1
github.com/soulteary/owlmail/logger.go:100.45,102.2 1 0
github.com/soulteary/owlmail/maildev.go:52.88,54.49 1 1
github.com/soulteary/owlmail/maildev.go:54.49,56.3 1 1
github.com/soulteary/owlmail/maildev.go:58.2,58.49 1 1
github.com/soulteary/owlmail/maildev.go:58.49,60.3 1 1
github.com/soulteary/owlmail/maildev.go:61.2,61.21 1 1
github.com/soulteary/owlmail/maildev.go:65.86,67.49 1 1
github.com/soulteary/owlmail/maildev.go:67.49,68.55 1 1
github.com/soulteary/owlmail/maildev.go:68.55,70.4 1 1
github.com/soulteary/owlmail/maildev.go:73.2,73.49 1 1
github.com/soulteary/owlmail/maildev.go:73.49,74.55 1 1
github.com/soulteary/owlmail/maildev.go:74.55,76.4 1 1
github.com/soulteary/owlmail/maildev.go:78.2,78.21 1 1
github.com/soulteary/owlmail/maildev.go:82.89,84.49 1 1
github.com/soulteary/owlmail/maildev.go:84.49,85.61 1 1
github.com/soulteary/owlmail/maildev.go:85.61,87.4 1 1
github.com/soulteary/owlmail/maildev.go:90.2,90.49 1 1
github.com/soulteary/owlmail/maildev.go:90.49,91.61 1 1
github.com/soulteary/owlmail/maildev.go:91.61,93.4 1 1
github.com/soulteary/owlmail/maildev.go:95.2,95.21 1 1
github.com/soulteary/owlmail/maildev.go:141.73,143.55 1 1
github.com/soulteary/owlmail/maildev.go:143.55,144.30 1 1
github.com/soulteary/owlmail/maildev.go:144.30,146.4 1 1
github.com/soulteary/owlmail/maildev.go:149.2,149.47 1 1
github.com/soulteary/owlmail/maildev.go:153.64,155.55 1 1
github.com/soulteary/owlmail/maildev.go:155.55,156.30 1 1
github.com/soulteary/owlmail/maildev.go:156.30,158.4 1 1
github.com/soulteary/owlmail/maildev.go:161.2,161.44 1 0
github.com/soulteary/owlmail/maildev.go:165.67,167.55 1 1
github.com/soulteary/owlmail/maildev.go:167.55,168.30 1 1
github.com/soulteary/owlmail/maildev.go:168.30,170.4 1 1
github.com/soulteary/owlmail/maildev.go:173.2,173.45 1 0
github.com/soulteary/owlmail/maildev.go:178.53,181.40 1 1
github.com/soulteary/owlmail/maildev.go:181.40,183.3 1 1
github.com/soulteary/owlmail/maildev.go:184.2,184.39 1 1
github.com/soulteary/owlmail/maildev.go:184.39,186.3 1 1
github.com/soulteary/owlmail/maildev.go:188.2,188.56 1 1
github.com/soulteary/owlmail/maildev.go:257.65,260.2 2 1
github.com/soulteary/owlmail/maildev.go:260.2,311.3 17 1
github.com/soulteary/owlmail/maildev.go:314.2,318.2 3 1
github.com/soulteary/owlmail/maildev.go:318.2,330.3 4 1
github.com/soulteary/owlmail/maildev.go:333.2,336.71 2 1
github.com/soulteary/owlmail/mailserver.go:113.73,115.2 1 1
github.com/soulteary/owlmail/mailserver.go:118.117,120.2 1 1
github.com/soulteary/owlmail/mailserver.go:123.165,124.15 1 1
github.com/soulteary/owlmail/mailserver.go:124.15,126.3 1 1
github.com/soulteary/owlmail/mailserver.go:127.2,127.16 1 1
github.com/soulteary/owlmail/mailserver.go:127.16,129.3 1 1
github.com/soulteary/owlmail/mailserver.go:130.2,130.19 1 1
github.com/soulteary/owlmail/mailserver.go:130.19,132.3 1 1
github.com/soulteary/owlmail/mailserver.go:135.2,135.51 1 1
github.com/soulteary/owlmail/mailserver.go:135.51,137.3 1 0
github.com/soulteary/owlmail/mailserver.go:139.2,151.27 2 1
github.com/soulteary/owlmail/mailserver.go:151.27,153.3 1 1
github.com/soulteary/owlmail/mailserver.go:156.2,156.45 1 1
github.com/soulteary/owlmail/mailserver.go:156.45,158.3 1 0
github.com/soulteary/owlmail/mailserver.go:160.2,165.16 3 1
github.com/soulteary/owlmail/mailserver.go:169.47,181.51 9 1
github.com/soulteary/owlmail/mailserver.go:181.51,184.3 1 1
github.com/soulteary/owlmail/mailserver.go:184.8,186.3 1 1
github.com/soulteary/owlmail/mailserver.go:189.2,189.49 1 1
github.com/soulteary/owlmail/mailserver.go:189.49,190.64 1 1
github.com/soulteary/owlmail/mailserver.go:190.64,192.18 2 0
github.com/soulteary/owlmail/mailserver.go:192.18,194.5 1 0
github.com/soulteary/owlmail/mailserver.go:195.4,197.5 1 0
github.com/soulteary/owlmail/mailserver.go:198.9,202.18 3 1
github.com/soulteary/owlmail/mailserver.go:202.18,204.5 1 0
github.com/soulteary/owlmail/mailserver.go:205.4,207.5 1 1
github.com/soulteary/owlmail/mailserver.go:211.2,214.49 2 1
github.com/soulteary/owlmail/mailserver.go:214.49,224.52 8 1
github.com/soulteary/owlmail/mailserver.go:224.52,227.4 1 1
github.com/soulteary/owlmail/mailserver.go:227.9,229.4 1 0
github.com/soulteary/owlmail/mailserver.go:232.3,236.25 3 1
github.com/soulteary/owlmail/mailserver.go:239.2,239.12 1 1
github.com/soulteary/owlmail/mailserver.go:243.38,245.27 1 0
github.com/soulteary/owlmail/mailserver.go:245.27,246.13 1 0
github.com/soulteary/owlmail/mailserver.go:246.13,249.18 3 0
github.com/soulteary/owlmail/mailserver.go:249.18,252.5 2 0
github.com/soulteary/owlmail/mailserver.go:253.4,254.60 2 0
github.com/soulteary/owlmail/mailserver.go:254.60,256.5 1 0
github.com/soulteary/owlmail/mailserver.go:260.2,261.51 2 0
github.com/soulteary/owlmail/mailserver.go:261.51,263.3 1 0
github.com/soulteary/owlmail/mailserver.go:264.2,264.49 1 0
github.com/soulteary/owlmail/mailserver.go:264.49,266.3 1 0
github.com/soulteary/owlmail/mailserver.go:267.2,267.39 1 0
github.com/soulteary/owlmail/mailserver.go:271.37,272.24 1 1
github.com/soulteary/owlmail/mailserver.go:272.24,274.3 1 1
github.com/soulteary/owlmail/mailserver.go:275.2,278.27 3 1
github.com/soulteary/owlmail/mailserver.go:278.27,279.58 1 1
github.com/soulteary/owlmail/mailserver.go:279.58,281.4 1 0
github.com/soulteary/owlmail/mailserver.go:283.2,283.56 1 1
github.com/soulteary/owlmail/mailserver.go:283.56,285.3 1 0
github.com/soulteary/owlmail/mailserver.go:286.2,286.12 1 1
github.com/soulteary/owlmail/mailserver.go:290.62,294.2 3 1
github.com/soulteary/owlmail/mailserver.go:297.56,301.35 4 1
github.com/soulteary/owlmail/mailserver.go:301.35,303.3 1 1
github.com/soulteary/owlmail/mailserver.go:307.110,311.16 3 1
github.com/soulteary/owlmail/mailserver.go:311.16,313.3 1 0
github.com/soulteary/owlmail/mailserver.go:315.2,317.31 2 1
github.com/soulteary/owlmail/mailserver.go:317.31,319.3 1 1
github.com/soulteary/owlmail/mailserver.go:320.2,335.28 8 1
github.com/soulteary/owlmail/mailserver.go:335.28,337.3 1 1
github.com/soulteary/owlmail/mailserver.go:339.2,349.60 6 1
github.com/soulteary/owlmail/mailserver.go:349.60,350.51 1 0
github.com/soulteary/owlmail/mailserver.go:350.51,351.18 1 0
github.com/soulteary/owlmail/mailserver.go:351.18,353.5 1 0
github.com/soulteary/owlmail/mailserver.go:357.2,357.12 1 1
github.com/soulteary/owlmail/mailserver.go:361.92,363.57 2 0
github.com/soulteary/owlmail/mailserver.go:363.57,365.3 1 0
github.com/soulteary/owlmail/mailserver.go:368.2,371.65 3 0
github.com/soulteary/owlmail/mailserver.go:371.65,373.3 1 0
github.com/soulteary/owlmail/mailserver.go:375.2,376.12 2 0
github.com/soulteary/owlmail/mailserver.go:380.59,384.33 3 1
github.com/soulteary/owlmail/mailserver.go:384.33,385.21 1 1
github.com/soulteary/owlmail/mailserver.go:385.21,387.24 1 1
github.com/soulteary/owlmail/mailserver.go:387.24,389.5 1 1
github.com/soulteary/owlmail/mailserver.go:390.4,390.21 1 1
github.com/soulteary/owlmail/mailserver.go:394.2,394.47 1 1
github.com/soulteary/owlmail/mailserver.go:398.46,406.2 5 1
github.com/soulteary/owlmail/mailserver.go:409.52,416.29 5 1
github.com/soulteary/owlmail/mailserver.go:416.29,417.17 1 1
github.com/soulteary/owlmail/mailserver.go:417.17,420.9 3 1
github.com/soulteary/owlmail/mailserver.go:424.2,424.22 1 1
github.com/soulteary/owlmail/mailserver.go:424.22,426.3 1 0
github.com/soulteary/owlmail/mailserver.go:429.2,430.43 2 1
github.com/soulteary/owlmail/mailserver.go:430.43,432.3 1 0
github.com/soulteary/owlmail/mailserver.go:435.2,436.52 2 1
github.com/soulteary/owlmail/mailserver.go:436.52,438.3 1 0
github.com/soulteary/owlmail/mailserver.go:440.2,448.12 4 1
github.com/soulteary/owlmail/mailserver.go:452.46,460.16 5 1
github.com/soulteary/owlmail/mailserver.go:460.16,461.30 1 1
github.com/soulteary/owlmail/mailserver.go:461.30,463.4 1 1
github.com/soulteary/owlmail/mailserver.go:466.2,467.12 2 1
github.com/soulteary/owlmail/mailserver.go:471.62,473.44 2 1
github.com/soulteary/owlmail/mailserver.go:473.44,475.3 1 1
github.com/soulteary/owlmail/mailserver.go:476.2,476.21 1 1
github.com/soulteary/owlmail/mailserver.go:480.69,483.16 3 1
github.com/soulteary/owlmail/mailserver.go:483.16,485.3 1 0
github.com/soulteary/owlmail/mailserver.go:486.2,486.21 1 1
github.com/soulteary/owlmail/mailserver.go:490.63,492.16 2 1
github.com/soulteary/owlmail/mailserver.go:492.16,494.3 1 0
github.com/soulteary/owlmail/mailserver.go:495.2,495.24 1 1
github.com/soulteary/owlmail/mailserver.go:499.87,501.16 2 1
github.com/soulteary/owlmail/mailserver.go:501.16,503.3 1 0
github.com/soulteary/owlmail/mailserver.go:505.2,505.33 1 1
github.com/soulteary/owlmail/mailserver.go:505.33,507.3 1 0
github.com/soulteary/owlmail/mailserver.go:509.2,510.40 2 1
github.com/soulteary/owlmail/mailserver.go:510.40,511.40 1 1
github.com/soulteary/owlmail/mailserver.go:511.40,513.9 2 1
github.com/soulteary/owlmail/mailserver.go:517.2,517.23 1 1
github.com/soulteary/owlmail/mailserver.go:517.23,519.3 1 0
github.com/soulteary/owlmail/mailserver.go:521.2,522.52 2 1
github.com/soulteary/owlmail/mailserver.go:526.42,531.33 4 1
github.com/soulteary/owlmail/mailserver.go:531.33,532.18 1 1
github.com/soulteary/owlmail/mailserver.go:532.18,535.4 2 1
github.com/soulteary/owlmail/mailserver.go:537.2,537.14 1 1
github.com/soulteary/owlmail/mailserver.go:541.50,545.33 3 1
github.com/soulteary/owlmail/mailserver.go:545.33,546.21 1 1
github.com/soulteary/owlmail/mailserver.go:546.21,549.4 2 1
github.com/soulteary/owlmail/mailserver.go:551.2,551.38 1 0
github.com/soulteary/owlmail/mailserver.go:555.62,564.33 7 1
github.com/soulteary/owlmail/mailserver.go:564.33,565.18 1 1
github.com/soulteary/owlmail/mailserver.go:565.18,567.4 1 1
github.com/soulteary/owlmail/mailserver.go:570.3,571.20 2 1
github.com/soulteary/owlmail/mailserver.go:574.2,579.14 5 1
github.com/soulteary/owlmail/mailserver.go:583.54,585.16 2 1
github.com/soulteary/owlmail/mailserver.go:585.16,587.3 1 0
github.com/soulteary/owlmail/mailserver.go:589.2,589.29 1 1
github.com/soulteary/owlmail/mailserver.go:589.29,590.19 1 0
github.com/soulteary/owlmail/mailserver.go:590.19,591.12 1 0
github.com/soulteary/owlmail/mailserver.go:595.3,595.46 1 0
github.com/soulteary/owlmail/mailserver.go:595.46,596.12 1 0
github.com/soulteary/owlmail/mailserver.go:600.3,606.34 5 0
github.com/soulteary/owlmail/mailserver.go:606.34,607.22 1 0
github.com/soulteary/owlmail/mailserver.go:607.22,609.10 2 0
github.com/soulteary/owlmail/mailserver.go:612.3,614.20 2 0
github.com/soulteary/owlmail/mailserver.go:614.20,615.12 1 0
github.com/soulteary/owlmail/mailserver.go:619.3,620.17 2 0
github.com/soulteary/owlmail/mailserver.go:620.17,622.12 2 0
github.com/soulteary/owlmail/mailserver.go:626.3,628.17 3 0
github.com/soulteary/owlmail/mailserver.go:628.17,630.12 2 0
github.com/soulteary/owlmail/mailserver.go:634.3,652.44 6 0
github.com/soulteary/owlmail/mailserver.go:652.44,653.65 1 0
github.com/soulteary/owlmail/mailserver.go:653.65,654.74 1 0
github.com/soulteary/owlmail/mailserver.go:654.74,656.6 1 0
github.com/soulteary/owlmail/mailserver.go:656.11,658.6 1 0
github.com/soulteary/owlmail/mailserver.go:665.3,668.52 2 0
github.com/soulteary/owlmail/mailserver.go:668.52,669.63 1 0
github.com/soulteary/owlmail/mailserver.go:669.63,671.5 1 0
github.com/soulteary/owlmail/mailserver.go:673.3,673.46 1 0
github.com/soulteary/owlmail/mailserver.go:673.46,674.59 1 0
github.com/soulteary/owlmail/mailserver.go:674.59,676.5 1 0
github.com/soulteary/owlmail/mailserver.go:678.3,678.46 1 0
github.com/soulteary/owlmail/mailserver.go:678.46,679.59 1 0
github.com/soulteary/owlmail/mailserver.go:679.59,681.5 1 0
github.com/soulteary/owlmail/mailserver.go:683.3,683.49 1 0
github.com/soulteary/owlmail/mailserver.go:683.49,684.61 1 0
github.com/soulteary/owlmail/mailserver.go:684.61,686.5 1 0
github.com/soulteary/owlmail/mailserver.go:690.3,691.17 2 0
github.com/soulteary/owlmail/mailserver.go:691.17,693.4 1 0
github.com/soulteary/owlmail/mailserver.go:695.3,695.49 1 0
github.com/soulteary/owlmail/mailserver.go:695.49,697.17 2 0
github.com/soulteary/owlmail/mailserver.go:697.17,698.9 1 0
github.com/soulteary/owlmail/mailserver.go:698.9,700.23 2 0
github.com/soulteary/owlmail/mailserver.go:700.23,701.12 1 0
github.com/soulteary/owlmail/mailserver.go:703.6,703.20 1 0
github.com/soulteary/owlmail/mailserver.go:703.20,705.15 2 0
github.com/soulteary/owlmail/mailserver.go:708.6,709.29 2 0
github.com/soulteary/owlmail/mailserver.go:709.29,711.7 1 0
github.com/soulteary/owlmail/mailserver.go:713.6,718.70 4 0
github.com/soulteary/owlmail/mailserver.go:718.70,720.7 1 0
github.com/soulteary/owlmail/mailserver.go:720.12,720.76 1 0
github.com/soulteary/owlmail/mailserver.go:720.76,722.7 1 0
github.com/soulteary/owlmail/mailserver.go:722.12,722.63 1 0
github.com/soulteary/owlmail/mailserver.go:722.63,725.25 2 0
github.com/soulteary/owlmail/mailserver.go:725.25,727.8 1 0
github.com/soulteary/owlmail/mailserver.go:729.7,739.59 5 0
github.com/soulteary/owlmail/mailserver.go:739.59,742.8 2 0
github.com/soulteary/owlmail/mailserver.go:746.9,749.49 2 0
github.com/soulteary/owlmail/mailserver.go:749.49,751.5 1 0
github.com/soulteary/owlmail/mailserver.go:751.10,753.5 1 0
github.com/soulteary/owlmail/mailserver.go:757.3,765.26 2 0
github.com/soulteary/owlmail/mailserver.go:765.26,767.4 1 0
github.com/soulteary/owlmail/mailserver.go:770.3,770.72 1 0
github.com/soulteary/owlmail/mailserver.go:770.72,772.12 2 0
github.com/soulteary/owlmail/mailserver.go:775.3,775.60 1 0
github.com/soulteary/owlmail/mailserver.go:778.2,778.12 1 1
github.com/soulteary/owlmail/mailserver.go:782.93,783.24 1 0
github.com/soulteary/owlmail/mailserver.go:783.24,785.3 1 0
github.com/soulteary/owlmail/mailserver.go:787.2,789.12 3 0
github.com/soulteary/owlmail/mailserver.go:793.93,794.24 1 0
github.com/soulteary/owlmail/mailserver.go:794.24,796.3 1 0
github.com/soulteary/owlmail/mailserver.go:798.2,800.12 3 0
github.com/soulteary/owlmail/mailserver.go:804.65,805.24 1 1
github.com/soulteary/owlmail/mailserver.go:805.24,807.3 1 1
github.com/soulteary/owlmail/mailserver.go:807.8,809.3 1 1
github.com/soulteary/owlmail/mailserver.go:813.59,814.24 1 1
github.com/soulteary/owlmail/mailserver.go:814.24,816.3 1 1
github.com/soulteary/owlmail/mailserver.go:817.2,817.32 1 1
github.com/soulteary/owlmail/mailserver.go:830.66,838.71 2 0
github.com/soulteary/owlmail/mailserver.go:838.71,840.3 1 0
github.com/soulteary/owlmail/mailserver.go:842.2,842.21 1 0
github.com/soulteary/owlmail/mailserver.go:855.67,860.91 1 0
github.com/soulteary/owlmail/mailserver.go:860.91,862.41 1 0
github.com/soulteary/owlmail/mailserver.go:862.41,864.4 1 0
github.com/soulteary/owlmail/mailserver.go:864.9,866.4 1 0
github.com/soulteary/owlmail/mailserver.go:870.2,871.12 2 0
github.com/soulteary/owlmail/mailserver.go:875.65,878.2 2 0
github.com/soulteary/owlmail/mailserver.go:881.43,888.16 4 0
github.com/soulteary/owlmail/mailserver.go:888.16,890.3 1 0
github.com/soulteary/owlmail/mailserver.go:891.2,898.16 4 0
github.com/soulteary/owlmail/mailserver.go:898.16,900.3 1 0
github.com/soulteary/owlmail/mailserver.go:903.2,921.43 6 0
github.com/soulteary/owlmail/mailserver.go:921.43,922.64 1 0
github.com/soulteary/owlmail/mailserver.go:922.64,923.73 1 0
github.com/soulteary/owlmail/mailserver.go:923.73,925.5 1 0
github.com/soulteary/owlmail/mailserver.go:925.10,927.5 1 0
github.com/soulteary/owlmail/mailserver.go:934.2,937.51 2 0
github.com/soulteary/owlmail/mailserver.go:937.51,938.62 1 0
github.com/soulteary/owlmail/mailserver.go:938.62,940.4 1 0
github.com/soulteary/owlmail/mailserver.go:942.2,942.45 1 0
github.com/soulteary/owlmail/mailserver.go:942.45,943.58 1 0
github.com/soulteary/owlmail/mailserver.go:943.58,945.4 1 0
github.com/soulteary/owlmail/mailserver.go:947.2,947.45 1 0
github.com/soulteary/owlmail/mailserver.go:947.45,948.58 1 0
github.com/soulteary/owlmail/mailserver.go:948.58,950.4 1 0
github.com/soulteary/owlmail/mailserver.go:952.2,952.48 1 0
github.com/soulteary/owlmail/mailserver.go:952.48,953.60 1 0
github.com/soulteary/owlmail/mailserver.go:953.60,955.4 1 0
github.com/soulteary/owlmail/mailserver.go:959.2,960.16 2 0
github.com/soulteary/owlmail/mailserver.go:960.16,962.3 1 0
github.com/soulteary/owlmail/mailserver.go:964.2,964.48 1 0
github.com/soulteary/owlmail/mailserver.go:964.48,966.16 2 0
github.com/soulteary/owlmail/mailserver.go:966.16,967.8 1 0
github.com/soulteary/owlmail/mailserver.go:967.8,969.22 2 0
github.com/soulteary/owlmail/mailserver.go:969.22,970.11 1 0
github.com/soulteary/owlmail/mailserver.go:972.5,972.19 1 0
github.com/soulteary/owlmail/mailserver.go:972.19,974.14 2 0
github.com/soulteary/owlmail/mailserver.go:977.5,978.28 2 0
github.com/soulteary/owlmail/mailserver.go:978.28,980.6 1 0
github.com/soulteary/owlmail/mailserver.go:982.5,987.69 4 0
github.com/soulteary/owlmail/mailserver.go:987.69,989.6 1 0
github.com/soulteary/owlmail/mailserver.go:989.11,989.75 1 0
github.com/soulteary/owlmail/mailserver.go:989.75,991.6 1 0
github.com/soulteary/owlmail/mailserver.go:991.11,991.62 1 0
github.com/soulteary/owlmail/mailserver.go:991.62,994.24 2 0
github.com/soulteary/owlmail/mailserver.go:994.24,996.7 1 0
github.com/soulteary/owlmail/mailserver.go:998.6,1004.78 2 0
github.com/soulteary/owlmail/mailserver.go:1004.78,1006.7 1 0
github.com/soulteary/owlmail/mailserver.go:1006.12,1008.7 1 0
github.com/soulteary/owlmail/mailserver.go:1012.8,1015.48 2 0
github.com/soulteary/owlmail/mailserver.go:1015.48,1017.4 1 0
github.com/soulteary/owlmail/mailserver.go:1017.9,1019.4 1 0
github.com/soulteary/owlmail/mailserver.go:1023.2,1024.40 2 0
github.com/soulteary/owlmail/mailserver.go:1024.40,1026.3 1 0
github.com/soulteary/owlmail/mailserver.go:1027.2,1035.82 2 0
github.com/soulteary/owlmail/mailserver.go:1035.82,1037.3 1 0
github.com/soulteary/owlmail/mailserver.go:1039.2,1039.12 1 0
github.com/soulteary/owlmail/mailserver.go:1043.27,1046.2 2 0
github.com/soulteary/owlmail/mailserver.go:1049.34,1051.2 1 0
github.com/soulteary/owlmail/mailserver.go:1056.22,1059.40 3 1
github.com/soulteary/owlmail/mailserver.go:1059.40,1061.20 1 0
github.com/soulteary/owlmail/mailserver.go:1061.20,1063.4 1 0
github.com/soulteary/owlmail/mailserver.go:1064.8,1065.20 1 1
github.com/soulteary/owlmail/mailserver.go:1065.20,1067.4 1 1
github.com/soulteary/owlmail/mailserver.go:1069.2,1069.18 1 1
github.com/soulteary/owlmail/mailserver.go:1073.38,1075.18 2 1
github.com/soulteary/owlmail/mailserver.go:1075.18,1077.3 1 1
github.com/soulteary/owlmail/mailserver.go:1078.2,1079.46 2 1
github.com/soulteary/owlmail/mailserver.go:1079.46,1082.3 2 1
github.com/soulteary/owlmail/mailserver.go:1083.2,1083.76 1 1
github.com/soulteary/owlmail/mailserver.go:1087.59,1089.29 2 1
github.com/soulteary/owlmail/mailserver.go:1089.29,1091.3 1 1
github.com/soulteary/owlmail/mailserver.go:1092.2,1092.15 1 1
github.com/soulteary/owlmail/mailserver.go:1096.64,1103.39 6 1
github.com/soulteary/owlmail/mailserver.go:1103.39,1106.31 2 1
github.com/soulteary/owlmail/mailserver.go:1106.31,1107.25 1 1
github.com/soulteary/owlmail/mailserver.go:1107.25,1110.10 3 1
github.com/soulteary/owlmail/mailserver.go:1113.3,1113.12 1 1
github.com/soulteary/owlmail/mailserver.go:1113.12,1114.12 1 1
github.com/soulteary/owlmail/mailserver.go:1118.3,1118.31 1 1
github.com/soulteary/owlmail/mailserver.go:1118.31,1119.25 1 1
github.com/soulteary/owlmail/mailserver.go:1119.25,1122.10 3 1
github.com/soulteary/owlmail/mailserver.go:1125.3,1125.12 1 1
github.com/soulteary/owlmail/mailserver.go:1125.12,1126.12 1 1
github.com/soulteary/owlmail/mailserver.go:1130.3,1130.73 1 1
github.com/soulteary/owlmail/mailserver.go:1133.2,1133.21 1 1
github.com/soulteary/owlmail/mailserver.go:1137.62,1138.28 1 1
github.com/soulteary/owlmail/mailserver.go:1138.28,1140.3 1 1
github.com/soulteary/owlmail/mailserver.go:1143.2,1144.15 2 1
github.com/soulteary/owlmail/mailserver.go:1144.15,1146.35 1 1
github.com/soulteary/owlmail/mailserver.go:1146.35,1148.21 2 1
github.com/soulteary/owlmail/mailserver.go:1148.21,1150.5 1 1
github.com/soulteary/owlmail/mailserver.go:1152.3,1152.16 1 1
github.com/soulteary/owlmail/mailserver.go:1152.16,1154.4 1 0
github.com/soulteary/owlmail/mailserver.go:1158.2,1159.32 2 1
github.com/soulteary/owlmail/mailserver.go:1159.32,1162.3 2 1
github.com/soulteary/owlmail/mailserver.go:1162.8,1166.3 2 1
github.com/soulteary/owlmail/mailserver.go:1168.2,1170.19 3 1
github.com/soulteary/owlmail/mailserver.go:1174.39,1179.2 4 1
github.com/soulteary/owlmail/mailserver.go:1182.55,1184.19 2 1
github.com/soulteary/owlmail/mailserver.go:1184.19,1186.3 1 1
github.com/soulteary/owlmail/mailserver.go:1189.2,1211.37 2 1
github.com/soulteary/owlmail/mailserver.go:1211.37,1212.59 1 1
github.com/soulteary/owlmail/mailserver.go:1212.59,1214.4 1 1
github.com/soulteary/owlmail/mailserver.go:1218.2,1218.85 1 1
github.com/soulteary/owlmail/mailserver.go:1218.85,1220.3 1 0
github.com/soulteary/owlmail/mailserver.go:1221.2,1221.84 1 1
github.com/soulteary/owlmail/mailserver.go:1221.84,1223.3 1 0
github.com/soulteary/owlmail/mailserver.go:1227.2,1234.37 6 1
github.com/soulteary/owlmail/mailserver.go:1234.37,1235.63 1 1
github.com/soulteary/owlmail/mailserver.go:1235.63,1237.4 1 0
github.com/soulteary/owlmail/mailserver.go:1241.2,1242.19 2 1
github.com/soulteary/owlmail/mailserver.go:1246.56,1249.16 2 1
github.com/soulteary/owlmail/mailserver.go:1249.16,1251.3 1 0
github.com/soulteary/owlmail/mailserver.go:1254.2,1277.16 5 1
github.com/soulteary/owlmail/mailserver.go:1277.16,1279.3 1 0
github.com/soulteary/owlmail/mailserver.go:1282.2,1283.16 2 1
github.com/soulteary/owlmail/mailserver.go:1283.16,1285.3 1 0
github.com/soulteary/owlmail/mailserver.go:1288.2,1293.16 4 1
github.com/soulteary/owlmail/mailserver.go:1293.16,1295.3 1 0
github.com/soulteary/owlmail/mailserver.go:1297.2,1297.18 1 1
github.com/soulteary/owlmail/main.go:14.52,15.42 1 1
github.com/soulteary/owlmail/main.go:15.42,17.3 1 1
github.com/soulteary/owlmail/main.go:18.2,18.21 1 1
github.com/soulteary/owlmail/main.go:22.50,23.42 1 1
github.com/soulteary/owlmail/main.go:23.42,24.55 1 1
github.com/soulteary/owlmail/main.go:24.55,26.4 1 1
github.com/soulteary/owlmail/main.go:28.2,28.21 1 1
github.com/soulteary/owlmail/main.go:32.53,33.42 1 1
github.com/soulteary/owlmail/main.go:33.42,34.61 1 1
github.com/soulteary/owlmail/main.go:34.61,36.4 1 1
github.com/soulteary/owlmail/main.go:38.2,38.21 1 1
github.com/soulteary/owlmail/main.go:43.36,45.18 2 1
github.com/soulteary/owlmail/main.go:46.16,47.24 1 1
github.com/soulteary/owlmail/main.go:48.17,49.25 1 1
github.com/soulteary/owlmail/main.go:50.10,51.24 1 1
github.com/soulteary/owlmail/main.go:55.13,101.19 4 0
github.com/soulteary/owlmail/main.go:102.16,103.25 1 0
github.com/soulteary/owlmail/main.go:104.17,105.26 1 0
github.com/soulteary/owlmail/main.go:106.10,107.25 1 0
github.com/soulteary/owlmail/main.go:109.2,113.25 3 0
github.com/soulteary/owlmail/main.go:113.25,125.28 2 0
github.com/soulteary/owlmail/main.go:125.28,127.18 2 0
github.com/soulteary/owlmail/main.go:127.18,129.5 1 0
github.com/soulteary/owlmail/main.go:130.4,132.49 3 0
github.com/soulteary/owlmail/main.go:132.49,134.5 1 0
github.com/soulteary/owlmail/main.go:139.2,140.44 2 0
github.com/soulteary/owlmail/main.go:140.44,146.3 1 0
github.com/soulteary/owlmail/main.go:149.2,150.17 2 0
github.com/soulteary/owlmail/main.go:150.17,156.3 1 0
github.com/soulteary/owlmail/main.go:159.2,160.16 2 0
github.com/soulteary/owlmail/main.go:160.16,162.3 1 0
github.com/soulteary/owlmail/main.go:165.2,165.38 1 0
github.com/soulteary/owlmail/main.go:165.38,167.26 2 0
github.com/soulteary/owlmail/main.go:167.26,169.4 1 0
github.com/soulteary/owlmail/main.go:170.3,171.114 2 0
github.com/soulteary/owlmail/main.go:174.2,174.41 1 0
github.com/soulteary/owlmail/main.go:174.41,177.3 2 0
github.com/soulteary/owlmail/main.go:180.2,181.12 2 0
github.com/soulteary/owlmail/main.go:181.12,183.20 2 0
github.com/soulteary/owlmail/main.go:183.20,185.4 1 0
github.com/soulteary/owlmail/main.go:186.3,187.43 2 0
github.com/soulteary/owlmail/main.go:187.43,189.4 1 0
github.com/soulteary/owlmail/main.go:190.3,190.20 1 0
github.com/soulteary/owlmail/main.go:190.20,192.4 1 0
github.com/soulteary/owlmail/main.go:193.3,193.37 1 0
github.com/soulteary/owlmail/main.go:193.37,195.4 1 0
github.com/soulteary/owlmail/main.go:199.2,202.12 3 0
github.com/soulteary/owlmail/main.go:202.12,206.40 4 0
github.com/soulteary/owlmail/main.go:206.40,208.4 1 0
github.com/soulteary/owlmail/main.go:209.3,209.13 1 0
github.com/soulteary/owlmail/main.go:213.2,215.17 3 0
github.com/soulteary/owlmail/main.go:215.17,218.3 2 0
github.com/soulteary/owlmail/main.go:219.2,219.40 1 0
github.com/soulteary/owlmail/main.go:219.40,221.3 1 0
github.com/soulteary/owlmail/main.go:239.70,241.16 2 1
github.com/soulteary/owlmail/main.go:241.16,243.3 1 1
github.com/soulteary/owlmail/main.go:245.2,246.53 2 1
github.com/soulteary/owlmail/main.go:246.53,248.3 1 1
github.com/soulteary/owlmail/main.go:250.2,254.29 3 1
github.com/soulteary/owlmail/main.go:254.29,255.23 1 1
github.com/soulteary/owlmail/main.go:255.23,257.4 1 1
github.com/soulteary/owlmail/main.go:258.3,258.22 1 1
github.com/soulteary/owlmail/main.go:258.22,260.4 1 1
github.com/soulteary/owlmail/main.go:263.2,263.35 1 1
github.com/soulteary/owlmail/outgoing.go:47.60,48.19 1 1
github.com/soulteary/owlmail/outgoing.go:48.19,50.3 1 1
github.com/soulteary/owlmail/outgoing.go:52.2,59.16 2 1
github.com/soulteary/owlmail/outgoing.go:59.16,61.39 1 1
github.com/soulteary/owlmail/outgoing.go:61.39,64.4 2 1
github.com/soulteary/owlmail/outgoing.go:67.2,67.11 1 1
github.com/soulteary/owlmail/outgoing.go:71.34,74.29 2 1
github.com/soulteary/owlmail/outgoing.go:74.29,76.27 2 1
github.com/soulteary/owlmail/outgoing.go:76.27,78.4 1 1
github.com/soulteary/owlmail/outgoing.go:83.59,84.17 1 1
github.com/soulteary/owlmail/outgoing.go:84.17,86.3 1 0
github.com/soulteary/owlmail/outgoing.go:89.2,90.26 2 1
github.com/soulteary/owlmail/outgoing.go:90.26,92.3 1 1
github.com/soulteary/owlmail/outgoing.go:95.2,96.16 2 0
github.com/soulteary/owlmail/outgoing.go:96.16,98.3 1 0
github.com/soulteary/owlmail/outgoing.go:99.2,103.46 3 0
github.com/soulteary/owlmail/outgoing.go:103.46,105.3 1 0
github.com/soulteary/owlmail/outgoing.go:106.2,106.18 1 0
github.com/soulteary/owlmail/outgoing.go:106.18,108.3 1 0
github.com/soulteary/owlmail/outgoing.go:111.2,112.16 2 0
github.com/soulteary/owlmail/outgoing.go:112.16,114.3 1 0
github.com/soulteary/owlmail/outgoing.go:117.2,118.54 2 0
github.com/soulteary/owlmail/outgoing.go:118.54,120.3 1 0
github.com/soulteary/owlmail/outgoing.go:123.2,125.22 2 0
github.com/soulteary/owlmail/outgoing.go:125.22,128.3 1 0
github.com/soulteary/owlmail/outgoing.go:128.8,131.3 1 0
github.com/soulteary/owlmail/outgoing.go:133.2,133.16 1 0
github.com/soulteary/owlmail/outgoing.go:133.16,135.3 1 0
github.com/soulteary/owlmail/outgoing.go:137.2,138.12 2 0
github.com/soulteary/owlmail/outgoing.go:142.65,146.24 2 1
github.com/soulteary/owlmail/outgoing.go:146.24,148.3 1 1
github.com/soulteary/owlmail/outgoing.go:151.2,151.55 1 1
github.com/soulteary/owlmail/outgoing.go:151.55,153.3 1 1
github.com/soulteary/owlmail/outgoing.go:156.2,156.32 1 1
github.com/soulteary/owlmail/outgoing.go:156.32,158.3 1 1
github.com/soulteary/owlmail/outgoing.go:161.2,161.67 1 1
github.com/soulteary/owlmail/outgoing.go:161.67,163.3 1 0
github.com/soulteary/owlmail/outgoing.go:165.2,165.19 1 1
github.com/soulteary/owlmail/outgoing.go:170.72,173.39 2 1
github.com/soulteary/owlmail/outgoing.go:173.39,179.44 2 1
github.com/soulteary/owlmail/outgoing.go:179.44,180.39 1 1
github.com/soulteary/owlmail/outgoing.go:180.39,182.5 1 1
github.com/soulteary/owlmail/outgoing.go:186.3,186.45 1 1
github.com/soulteary/owlmail/outgoing.go:186.45,187.39 1 1
github.com/soulteary/owlmail/outgoing.go:187.39,189.5 1 1
github.com/soulteary/owlmail/outgoing.go:192.3,192.13 1 1
github.com/soulteary/owlmail/outgoing.go:192.13,194.4 1 1
github.com/soulteary/owlmail/outgoing.go:197.2,197.17 1 1
github.com/soulteary/owlmail/outgoing.go:201.64,207.21 3 1
github.com/soulteary/owlmail/outgoing.go:207.21,209.3 1 1
github.com/soulteary/owlmail/outgoing.go:212.2,212.36 1 1
github.com/soulteary/owlmail/outgoing.go:212.36,214.22 2 1
github.com/soulteary/owlmail/outgoing.go:214.22,218.4 3 1
github.com/soulteary/owlmail/outgoing.go:218.9,218.29 1 0
github.com/soulteary/owlmail/outgoing.go:218.29,219.39 1 0
github.com/soulteary/owlmail/outgoing.go:219.39,221.5 1 0
github.com/soulteary/owlmail/outgoing.go:221.10,221.46 1 0
github.com/soulteary/owlmail/outgoing.go:221.46,223.5 1 0
github.com/soulteary/owlmail/outgoing.go:227.2,227.14 1 1
github.com/soulteary/owlmail/outgoing.go:231.123,232.17 1 1
github.com/soulteary/owlmail/outgoing.go:232.17,233.22 1 1
github.com/soulteary/owlmail/outgoing.go:233.22,235.4 1 1
github.com/soulteary/owlmail/outgoing.go:236.3,236.9 1 1
github.com/soulteary/owlmail/outgoing.go:239.2,247.9 2 1
github.com/soulteary/owlmail/outgoing.go:248.24,248.24 0 1
github.com/soulteary/owlmail/outgoing.go:250.37,252.22 1 0
github.com/soulteary/owlmail/outgoing.go:252.22,254.4 1 0
github.com/soulteary/owlmail/outgoing.go:259.51,263.2 3 1
github.com/soulteary/owlmail/outgoing.go:266.62,272.2 4 1
github.com/soulteary/owlmail/outgoing.go:275.53,279.2 3 1
github.com/soulteary/owlmail/outgoing.go:282.33,285.2 2 1
github.com/soulteary/owlmail/outgoing.go:288.91,291.16 2 0
github.com/soulteary/owlmail/outgoing.go:291.16,293.3 1 0
github.com/soulteary/owlmail/outgoing.go:294.2,297.47 2 0
github.com/soulteary/owlmail/outgoing.go:297.47,299.48 2 0
github.com/soulteary/owlmail/outgoing.go:299.48,301.4 1 0
github.com/soulteary/owlmail/outgoing.go:305.2,305.17 1 0
github.com/soulteary/owlmail/outgoing.go:305.17,306.42 1 0
github.com/soulteary/owlmail/outgoing.go:306.42,308.4 1 0
github.com/soulteary/owlmail/outgoing.go:312.2,312.41 1 0
github.com/soulteary/owlmail/outgoing.go:312.41,314.3 1 0
github.com/soulteary/owlmail/outgoing.go:317.2,317.31 1 0
github.com/soulteary/owlmail/outgoing.go:317.31,318.47 1 0
github.com/soulteary/owlmail/outgoing.go:318.47,320.4 1 0
github.com/soulteary/owlmail/outgoing.go:324.2,325.16 2 0
github.com/soulteary/owlmail/outgoing.go:325.16,327.3 1 0
github.com/soulteary/owlmail/outgoing.go:328.2,329.16 2 0
github.com/soulteary/owlmail/outgoing.go:329.16,332.3 2 0
github.com/soulteary/owlmail/outgoing.go:333.2,334.16 2 0
github.com/soulteary/owlmail/outgoing.go:334.16,336.3 1 0
github.com/soulteary/owlmail/outgoing.go:338.2,338.22 1 0
